<?xml version="1.0" encoding="UTF-8"?>
<!-- Generated by org.testng.reporters.JUnitXMLReporter -->
<testsuite hostname="USER-JKFMHGFFJS" ignored="0" tests="10" failures="4" timestamp="26 九月 2018 03:44:23 GMT" time="43.625" errors="0">
  <testcase name="f" time="10.01" classname="NewTest">
    <failure type="java.lang.AssertionError" message="expected [密码不能为空] but found []">
      <![CDATA[java.lang.AssertionError: expected [密码不能为空] but found []
at NewTest.f(NewTest.java:47)
... Removed 31 stack frames]]>
    </failure>
  </testcase> <!-- f -->
  <testcase name="f" time="1.249" classname="NewTest">
    <failure type="java.lang.AssertionError" message="expected [密码不能为空] but found []">
      <![CDATA[java.lang.AssertionError: expected [密码不能为空] but found []
at NewTest.f(NewTest.java:47)
... Removed 31 stack frames]]>
    </failure>
  </testcase> <!-- f -->
  <testcase name="f" time="0.655" classname="NewTest">
    <failure type="java.lang.AssertionError" message="expected [密码不能为空] but found []">
      <![CDATA[java.lang.AssertionError: expected [密码不能为空] but found []
at NewTest.f(NewTest.java:47)
... Removed 31 stack frames]]>
    </failure>
  </testcase> <!-- f -->
  <testcase name="f" time="0.612" classname="NewTest">
    <failure type="java.lang.AssertionError" message="expected [密码不能为空] but found []">
      <![CDATA[java.lang.AssertionError: expected [密码不能为空] but found []
at NewTest.f(NewTest.java:47)
... Removed 31 stack frames]]>
    </failure>
  </testcase> <!-- f -->
  <testcase name="f2" time="1.61" classname="NewTest"/>
  <testcase name="f2" time="0.972" classname="NewTest"/>
  <testcase name="f2" time="0.979" classname="NewTest"/>
  <testcase name="f3" time="13.097" classname="NewTest"/>
  <testcase name="f3" time="2.744" classname="NewTest"/>
  <testcase name="f3" time="2.054" classname="NewTest"/>
</testsuite>
